Using pre-set license
Built from '2022.3/staging' branch; Version is '2022.3.8f1 (b5eafc012955) revision 11922172'; Using compiler version '192829333'; Build Type 'Release'
OS: 'Windows 11  (10.0.22621) 64bit Core' Language: 'en' Physical Memory: 32547 MB
BatchMode: 1, IsHumanControllingUs: 0, StartBugReporterOnCrash: 0, Is64bit: 1, IsPro: 1

COMMAND LINE ARGUMENTS:
C:\Program Files\Unity\Hub\Editor\2022.3.8f1\Editor\Unity.exe
-adb2
-batchMode
-noUpm
-name
AssetImportWorker2
-projectPath
C:/Users/andre/Desktop/BCI-GAME
-logFile
Logs/AssetImportWorker2.log
-srvPort
57674
Successfully changed project path to: C:/Users/andre/Desktop/BCI-GAME
C:/Users/andre/Desktop/BCI-GAME
[UnityMemory] Configuration Parameters - Can be set up in boot.config
    "memorysetup-bucket-allocator-granularity=16"
    "memorysetup-bucket-allocator-bucket-count=8"
    "memorysetup-bucket-allocator-block-size=33554432"
    "memorysetup-bucket-allocator-block-count=8"
    "memorysetup-main-allocator-block-size=16777216"
    "memorysetup-thread-allocator-block-size=16777216"
    "memorysetup-gfx-main-allocator-block-size=16777216"
    "memorysetup-gfx-thread-allocator-block-size=16777216"
    "memorysetup-cache-allocator-block-size=4194304"
    "memorysetup-typetree-allocator-block-size=2097152"
    "memorysetup-profiler-bucket-allocator-granularity=16"
    "memorysetup-profiler-bucket-allocator-bucket-count=8"
    "memorysetup-profiler-bucket-allocator-block-size=33554432"
    "memorysetup-profiler-bucket-allocator-block-count=8"
    "memorysetup-profiler-allocator-block-size=16777216"
    "memorysetup-profiler-editor-allocator-block-size=1048576"
    "memorysetup-temp-allocator-size-main=16777216"
    "memorysetup-job-temp-allocator-block-size=2097152"
    "memorysetup-job-temp-allocator-block-size-background=1048576"
    "memorysetup-job-temp-allocator-reduction-small-platforms=262144"
    "memorysetup-allocator-temp-initial-block-size-main=262144"
    "memorysetup-allocator-temp-initial-block-size-worker=262144"
    "memorysetup-temp-allocator-size-background-worker=32768"
    "memorysetup-temp-allocator-size-job-worker=262144"
    "memorysetup-temp-allocator-size-preload-manager=33554432"
    "memorysetup-temp-allocator-size-nav-mesh-worker=65536"
    "memorysetup-temp-allocator-size-audio-worker=65536"
    "memorysetup-temp-allocator-size-cloud-worker=32768"
    "memorysetup-temp-allocator-size-gi-baking-worker=262144"
    "memorysetup-temp-allocator-size-gfx=262144"
Player connection [73064] Host "[IP] 192.168.56.1 [Port] 0 [Flags] 2 [Guid] 1755092407 [EditorId] 1755092407 [Version] 1048832 [Id] WindowsEditor(7,LAPTOP-PDQA0KIV) [Debug] 1 [PackageName] WindowsEditor [ProjectName] Editor" joined multi-casting on [225.0.0.222:54997]...

Player connection [73064] Host "[IP] 192.168.56.1 [Port] 0 [Flags] 2 [Guid] 1755092407 [EditorId] 1755092407 [Version] 1048832 [Id] WindowsEditor(7,LAPTOP-PDQA0KIV) [Debug] 1 [PackageName] WindowsEditor [ProjectName] Editor" joined alternative multi-casting on [225.0.0.222:34997]...

[Physics::Module] Initialized MultithreadedJobDispatcher with 15 workers.
Refreshing native plugins compatible for Editor in 15.63 ms, found 8 plugins.
Preloading 0 native plugins for Editor in 0.00 ms.
Initialize engine version: 2022.3.8f1 (b5eafc012955)
[Subsystems] Discovering subsystems at path C:/Program Files/Unity/Hub/Editor/2022.3.8f1/Editor/Data/Resources/UnitySubsystems
[Subsystems] Discovering subsystems at path C:/Users/andre/Desktop/BCI-GAME/Assets
GfxDevice: creating device client; threaded=0; jobified=0
Direct3D:
    Version:  Direct3D 11.0 [level 11.1]
    Renderer: NVIDIA GeForce RTX 3050 Ti Laptop GPU (ID=0x25a0)
    Vendor:   NVIDIA
    VRAM:     3976 MB
    Driver:   31.0.15.3742
Initialize mono
Mono path[0] = 'C:/Program Files/Unity/Hub/Editor/2022.3.8f1/Editor/Data/Managed'
Mono path[1] = 'C:/Program Files/Unity/Hub/Editor/2022.3.8f1/Editor/Data/MonoBleedingEdge/lib/mono/unityjit-win32'
Mono config path = 'C:/Program Files/Unity/Hub/Editor/2022.3.8f1/Editor/Data/MonoBleedingEdge/etc'
Using monoOptions --debugger-agent=transport=dt_socket,embedding=1,server=y,suspend=n,address=127.0.0.1:56896
Begin MonoManager ReloadAssembly
Registering precompiled unity dll's ...
Register platform support module: C:/Program Files/Unity/Hub/Editor/2022.3.8f1/Editor/Data/PlaybackEngines/WebGLSupport/UnityEditor.WebGL.Extensions.dll
Register platform support module: C:/Program Files/Unity/Hub/Editor/2022.3.8f1/Editor/Data/PlaybackEngines/AndroidPlayer/UnityEditor.Android.Extensions.dll
Register platform support module: C:/Program Files/Unity/Hub/Editor/2022.3.8f1/Editor/Data/PlaybackEngines/WindowsStandaloneSupport/UnityEditor.WindowsStandalone.Extensions.dll
Register platform support module: C:/Program Files/Unity/Hub/Editor/2022.3.8f1/Editor/Data/PlaybackEngines/MetroSupport/UnityEditor.UWP.Extensions.dll
Registered in 0.015260 seconds.
- Loaded All Assemblies, in  0.325 seconds
Native extension for UWP target not found
Native extension for WindowsStandalone target not found
Native extension for Android target not found
Android Extension - Scanning For ADB Devices 243 ms
Native extension for WebGL target not found
Mono: successfully reloaded assembly
- Finished resetting the current domain, in  0.504 seconds
Domain Reload Profiling: 827ms
	BeginReloadAssembly (87ms)
		ExecutionOrderSort (0ms)
		DisableScriptedObjects (0ms)
		BackupInstance (0ms)
		ReleaseScriptingObjects (0ms)
		CreateAndSetChildDomain (1ms)
	RebuildCommonClasses (31ms)
	RebuildNativeTypeToScriptingClass (13ms)
	initialDomainReloadingComplete (66ms)
	LoadAllAssembliesAndSetupDomain (127ms)
		LoadAssemblies (86ms)
		RebuildTransferFunctionScriptingTraits (0ms)
		AnalyzeDomain (124ms)
			TypeCache.Refresh (123ms)
				TypeCache.ScanAssembly (111ms)
			ScanForSourceGeneratedMonoScriptInfo (0ms)
			ResolveRequiredComponents (0ms)
	FinalizeReload (504ms)
		ReleaseScriptCaches (0ms)
		RebuildScriptCaches (0ms)
		SetupLoadedEditorAssemblies (461ms)
			LogAssemblyErrors (0ms)
			InitializePlatformSupportModulesInManaged (345ms)
			SetLoadedEditorAssemblies (3ms)
			RefreshPlugins (0ms)
			BeforeProcessingInitializeOnLoad (2ms)
			ProcessInitializeOnLoadAttributes (72ms)
			ProcessInitializeOnLoadMethodAttributes (39ms)
			AfterProcessingInitializeOnLoad (0ms)
			EditorAssembliesLoaded (0ms)
		ExecutionOrderSort2 (0ms)
		AwakeInstancesAfterBackupRestoration (0ms)
========================================================================
Worker process is ready to serve import requests
Begin MonoManager ReloadAssembly
- Loaded All Assemblies, in  0.527 seconds
Refreshing native plugins compatible for Editor in 10.17 ms, found 8 plugins.
Native extension for UWP target not found
Native extension for WindowsStandalone target not found
Native extension for Android target not found
Native extension for WebGL target not found
Package Manager log level set to [2]
[Package Manager] Server::EnsureServerProcessIsRunning -- launch failed, reason: Unity was launched with the -noUpm command-line argument
[Package Manager] UpmClient::Send -- Unable to send message (not connected to UPM process).
[Package Manager] Cannot connect to Unity Package Manager local server
[Package Manager] Server::EnsureServerProcessIsRunning -- launch failed, reason: Unity was launched with the -noUpm command-line argument
[Package Manager] UpmClient::Send -- Unable to send message (not connected to UPM process).
[Package Manager] Cannot connect to Unity Package Manager local server
Mono: successfully reloaded assembly
[Package Manager] Server::EnsureServerProcessIsRunning -- launch failed, reason: Unity was launched with the -noUpm command-line argument
[Package Manager] UpmClient::Send -- Unable to send message (not connected to UPM process).
[Package Manager] Cannot connect to Unity Package Manager local server
[Package Manager] Server::EnsureServerProcessIsRunning -- launch failed, reason: Unity was launched with the -noUpm command-line argument
[Package Manager] UpmClient::Send -- Unable to send message (not connected to UPM process).
[Package Manager] Cannot connect to Unity Package Manager local server
- Finished resetting the current domain, in  0.763 seconds
Domain Reload Profiling: 1286ms
	BeginReloadAssembly (133ms)
		ExecutionOrderSort (0ms)
		DisableScriptedObjects (4ms)
		BackupInstance (0ms)
		ReleaseScriptingObjects (0ms)
		CreateAndSetChildDomain (25ms)
	RebuildCommonClasses (27ms)
	RebuildNativeTypeToScriptingClass (16ms)
	initialDomainReloadingComplete (36ms)
	LoadAllAssembliesAndSetupDomain (310ms)
		LoadAssemblies (244ms)
		RebuildTransferFunctionScriptingTraits (0ms)
		AnalyzeDomain (140ms)
			TypeCache.Refresh (103ms)
				TypeCache.ScanAssembly (87ms)
			ScanForSourceGeneratedMonoScriptInfo (19ms)
			ResolveRequiredComponents (17ms)
	FinalizeReload (763ms)
		ReleaseScriptCaches (0ms)
		RebuildScriptCaches (0ms)
		SetupLoadedEditorAssemblies (619ms)
			LogAssemblyErrors (0ms)
			InitializePlatformSupportModulesInManaged (24ms)
			SetLoadedEditorAssemblies (3ms)
			RefreshPlugins (0ms)
			BeforeProcessingInitializeOnLoad (66ms)
			ProcessInitializeOnLoadAttributes (469ms)
			ProcessInitializeOnLoadMethodAttributes (51ms)
			AfterProcessingInitializeOnLoad (7ms)
			EditorAssembliesLoaded (0ms)
		ExecutionOrderSort2 (0ms)
		AwakeInstancesAfterBackupRestoration (5ms)
Launched and connected shader compiler UnityShaderCompiler.exe after 0.03 seconds
Refreshing native plugins compatible for Editor in 10.31 ms, found 8 plugins.
Preloading 0 native plugins for Editor in 0.00 ms.
Unloading 3415 Unused Serialized files (Serialized files now loaded: 0)
Unloading 64 unused Assets / (72.3 KB). Loaded Objects now: 3905.
Memory consumption went from 141.0 MB to 141.0 MB.
Total: 3.864700 ms (FindLiveObjects: 0.445200 ms CreateObjectMapping: 0.133900 ms MarkObjects: 3.159100 ms  DeleteObjects: 0.125000 ms)

AssetImportParameters requested are different than current active one (requested -> active):
  custom:container-demuxer-ogg: 62fdf1f143b41e24485cea50d1cbac27 -> 
  custom:video-decoder-ogg-theora: a1e56fd34408186e4bbccfd4996cb3dc -> 
  custom:framework-win-MediaFoundation: 216162199b28c13a410421893ffa2e32 -> 
  custom:container-demuxer-webm: 4f35f7cbe854078d1ac9338744f61a02 -> 
  custom:container-muxer-webm: aa71ff27fc2769a1b78a27578f13a17b -> 
  custom:video-decoder-webm-vp8: 9c59270c3fd7afecdb556c50c9e8de78 -> 
  custom:AudioImporter_EditorPlatform: d09bf68614088b80899f8185d706f6e7 -> 
  custom:video-encoder-webm-vp8: eb34c28f22e8b96e1ab97ce403110664 -> 
  custom:audio-decoder-ogg-vorbis: bf7c407c2cedff20999df2af8eb42d56 -> 
  custom:audio-encoder-webm-vorbis: bf7c407c2cedff20999df2af8eb42d56 -> 
========================================================================
Received Import Request.
  Time since last request: 1392077.106094 seconds.
  path: Packages/com.microsoft.mixedreality.toolkit.foundation/SDK/Features/UX/Interactable/Materials/HolographicBackPlateRecordingState.mat
  artifactKey: Guid(68581ab65a54bad45b3d0fbfca7613fe) Importer(815301076,1909f56bfc062723c751e8b465ee728b)
Start importing Packages/com.microsoft.mixedreality.toolkit.foundation/SDK/Features/UX/Interactable/Materials/HolographicBackPlateRecordingState.mat using Guid(68581ab65a54bad45b3d0fbfca7613fe) Importer(815301076,1909f56bfc062723c751e8b465ee728b)  -> (artifact id: '0ddb41bbdac76862a7e080c8c92ddacd') in 0.093708 seconds
Number of updated asset objects reloaded before import = 0
Number of asset objects unloaded after import = 2
========================================================================
Received Import Request.
  Time since last request: 0.000028 seconds.
  path: Packages/com.microsoft.mixedreality.toolkit.foundation/SDK/Features/UX/Interactable/Materials/ToggleBackground.mat
  artifactKey: Guid(a07d81f563d59544fb6ae5588f5bd0be) Importer(815301076,1909f56bfc062723c751e8b465ee728b)
Start importing Packages/com.microsoft.mixedreality.toolkit.foundation/SDK/Features/UX/Interactable/Materials/ToggleBackground.mat using Guid(a07d81f563d59544fb6ae5588f5bd0be) Importer(815301076,1909f56bfc062723c751e8b465ee728b)  -> (artifact id: '51745ad69067c77d157d771acc855070') in 0.070573 seconds
Number of updated asset objects reloaded before import = 0
Number of asset objects unloaded after import = 1
========================================================================
Received Import Request.
  Time since last request: 0.000018 seconds.
  path: Packages/com.microsoft.mixedreality.toolkit.foundation/SDK/Features/UX/Interactable/Materials/HolographicBackPlateThickBorder.mat
  artifactKey: Guid(f9326c3bd04b792498b7ba61c1aaeeb9) Importer(815301076,1909f56bfc062723c751e8b465ee728b)
Start importing Packages/com.microsoft.mixedreality.toolkit.foundation/SDK/Features/UX/Interactable/Materials/HolographicBackPlateThickBorder.mat using Guid(f9326c3bd04b792498b7ba61c1aaeeb9) Importer(815301076,1909f56bfc062723c751e8b465ee728b)  -> (artifact id: '3b5bfd4b6804eeb606e4f3c1ad3e6843') in 0.013348 seconds
Number of updated asset objects reloaded before import = 0
Number of asset objects unloaded after import = 2
========================================================================
Received Import Request.
  Time since last request: 0.000016 seconds.
  path: Packages/com.microsoft.mixedreality.toolkit.foundation/SDK/Features/UX/Interactable/Materials/HolographicButtonIconMessage.mat
  artifactKey: Guid(c3ec3f87c678f3d48bc51f5625647104) Importer(815301076,1909f56bfc062723c751e8b465ee728b)
Start importing Packages/com.microsoft.mixedreality.toolkit.foundation/SDK/Features/UX/Interactable/Materials/HolographicButtonIconMessage.mat using Guid(c3ec3f87c678f3d48bc51f5625647104) Importer(815301076,1909f56bfc062723c751e8b465ee728b)  -> (artifact id: '67a24e8899d80d04900a15eff4e2d8b9') in 0.035440 seconds
Number of updated asset objects reloaded before import = 0
Number of asset objects unloaded after import = 2
========================================================================
Received Import Request.
  Time since last request: 0.000016 seconds.
  path: Packages/com.microsoft.mixedreality.toolkit.foundation/SDK/Features/UX/Interactable/Materials/Foreground.mat
  artifactKey: Guid(3b3d487d6722afe489a882284f787bbd) Importer(815301076,1909f56bfc062723c751e8b465ee728b)
Start importing Packages/com.microsoft.mixedreality.toolkit.foundation/SDK/Features/UX/Interactable/Materials/Foreground.mat using Guid(3b3d487d6722afe489a882284f787bbd) Importer(815301076,1909f56bfc062723c751e8b465ee728b)  -> (artifact id: '13b5e15ced1b303075e4e6d8779e5fe8') in 0.080326 seconds
Number of updated asset objects reloaded before import = 0
Number of asset objects unloaded after import = 1
========================================================================
Received Import Request.
  Time since last request: 0.000131 seconds.
  path: Packages/com.microsoft.mixedreality.toolkit.foundation/SDK/Features/UX/Interactable/Materials/HolographicButtonContentCageProximityCircular.mat
  artifactKey: Guid(ed88a1368a3ad7248b15504ada5915a6) Importer(815301076,1909f56bfc062723c751e8b465ee728b)
Start importing Packages/com.microsoft.mixedreality.toolkit.foundation/SDK/Features/UX/Interactable/Materials/HolographicButtonContentCageProximityCircular.mat using Guid(ed88a1368a3ad7248b15504ada5915a6) Importer(815301076,1909f56bfc062723c751e8b465ee728b)  -> (artifact id: 'd3a4ec04e8785b0ddc776f81539bdbf5') in 0.096361 seconds
Number of updated asset objects reloaded before import = 0
Number of asset objects unloaded after import = 1
========================================================================
Received Import Request.
  Time since last request: 0.000016 seconds.
  path: Packages/com.microsoft.mixedreality.toolkit.foundation/SDK/Features/UX/Interactable/Materials/Background.mat
  artifactKey: Guid(b861d27e49afd724286961e0f6a1de52) Importer(815301076,1909f56bfc062723c751e8b465ee728b)
Start importing Packages/com.microsoft.mixedreality.toolkit.foundation/SDK/Features/UX/Interactable/Materials/Background.mat using Guid(b861d27e49afd724286961e0f6a1de52) Importer(815301076,1909f56bfc062723c751e8b465ee728b)  -> (artifact id: '0bebc80f7aaba7447dc95c6f521699e1') in 0.063349 seconds
Number of updated asset objects reloaded before import = 0
Number of asset objects unloaded after import = 1
========================================================================
Received Import Request.
  Time since last request: 0.000028 seconds.
  path: Packages/com.microsoft.mixedreality.toolkit.foundation/SDK/Features/UX/Interactable/Materials/HolographicBackPlateBorderOnly.mat
  artifactKey: Guid(416caa6b57bb22c40ab9f1a4c12b304e) Importer(815301076,1909f56bfc062723c751e8b465ee728b)
Start importing Packages/com.microsoft.mixedreality.toolkit.foundation/SDK/Features/UX/Interactable/Materials/HolographicBackPlateBorderOnly.mat using Guid(416caa6b57bb22c40ab9f1a4c12b304e) Importer(815301076,1909f56bfc062723c751e8b465ee728b)  -> (artifact id: '0e946937f67c6a46778a6ffd6917697d') in 0.060008 seconds
Number of updated asset objects reloaded before import = 0
Number of asset objects unloaded after import = 2
========================================================================
Received Import Request.
  Time since last request: 0.000014 seconds.
  path: Packages/com.microsoft.mixedreality.toolkit.foundation/SDK/Features/UX/Interactable/Materials/HolographicButtonIconFollowMe.mat
  artifactKey: Guid(929f4e12c37d25a4ba6ddce457e88551) Importer(815301076,1909f56bfc062723c751e8b465ee728b)
Start importing Packages/com.microsoft.mixedreality.toolkit.foundation/SDK/Features/UX/Interactable/Materials/HolographicButtonIconFollowMe.mat using Guid(929f4e12c37d25a4ba6ddce457e88551) Importer(815301076,1909f56bfc062723c751e8b465ee728b)  -> (artifact id: '8be1decdcc58e4e98f78b51368283e99') in 0.010504 seconds
Number of updated asset objects reloaded before import = 0
Number of asset objects unloaded after import = 2
========================================================================
Received Import Request.
  Time since last request: 0.000016 seconds.
  path: Packages/com.microsoft.mixedreality.toolkit.foundation/SDK/Features/UX/Interactable/Materials/HolographicBackPlateToggleState.mat
  artifactKey: Guid(552f1a3245d3edc4a96fe296c950532a) Importer(815301076,1909f56bfc062723c751e8b465ee728b)
Start importing Packages/com.microsoft.mixedreality.toolkit.foundation/SDK/Features/UX/Interactable/Materials/HolographicBackPlateToggleState.mat using Guid(552f1a3245d3edc4a96fe296c950532a) Importer(815301076,1909f56bfc062723c751e8b465ee728b)  -> (artifact id: 'b1a2063612db814412508c894fd10778') in 0.010987 seconds
Number of updated asset objects reloaded before import = 0
Number of asset objects unloaded after import = 2
========================================================================
Received Import Request.
  Time since last request: 0.000015 seconds.
  path: Packages/com.microsoft.mixedreality.toolkit.foundation/SDK/Features/UX/Interactable/Materials/MRTK_GrabbableDots2RowsH.mat
  artifactKey: Guid(13a6bafb89ca6414895d965b2fdb2041) Importer(815301076,1909f56bfc062723c751e8b465ee728b)
Start importing Packages/com.microsoft.mixedreality.toolkit.foundation/SDK/Features/UX/Interactable/Materials/MRTK_GrabbableDots2RowsH.mat using Guid(13a6bafb89ca6414895d965b2fdb2041) Importer(815301076,1909f56bfc062723c751e8b465ee728b)  -> (artifact id: '2d117a2bc1906de59ddde6e107b0e895') in 0.035608 seconds
Number of updated asset objects reloaded before import = 0
Number of asset objects unloaded after import = 2
========================================================================
Received Import Request.
  Time since last request: 0.000019 seconds.
  path: Packages/com.microsoft.mixedreality.toolkit.foundation/SDK/Features/UX/Interactable/Materials/HolographicBackPlateHover.mat
  artifactKey: Guid(8c3faec7fe20fa049a963e86c6a92a3f) Importer(815301076,1909f56bfc062723c751e8b465ee728b)
Start importing Packages/com.microsoft.mixedreality.toolkit.foundation/SDK/Features/UX/Interactable/Materials/HolographicBackPlateHover.mat using Guid(8c3faec7fe20fa049a963e86c6a92a3f) Importer(815301076,1909f56bfc062723c751e8b465ee728b)  -> (artifact id: '331eb799de16dd31aca7393c398ec210') in 0.012414 seconds
Number of updated asset objects reloaded before import = 0
Number of asset objects unloaded after import = 2
========================================================================
Received Import Request.
  Time since last request: 0.000020 seconds.
  path: Packages/com.microsoft.mixedreality.toolkit.foundation/SDK/Features/UX/Interactable/Materials/HolographicButtonIconFontMaterial.mat
  artifactKey: Guid(fa419ab56051229449e3b813df8f295f) Importer(815301076,1909f56bfc062723c751e8b465ee728b)
Start importing Packages/com.microsoft.mixedreality.toolkit.foundation/SDK/Features/UX/Interactable/Materials/HolographicButtonIconFontMaterial.mat using Guid(fa419ab56051229449e3b813df8f295f) Importer(815301076,1909f56bfc062723c751e8b465ee728b)  -> (artifact id: '382f5690d00d51c7538ffe0d3b8b39cb') in 0.011480 seconds
Number of updated asset objects reloaded before import = 0
Number of asset objects unloaded after import = 2
========================================================================
Received Import Request.
  Time since last request: 0.000016 seconds.
  path: Packages/com.microsoft.mixedreality.toolkit.foundation/SDK/Features/UX/Interactable/Materials/HolographicBackPlateNoBorder.mat
  artifactKey: Guid(40261cd01d861f241b945b4fb6609cff) Importer(815301076,1909f56bfc062723c751e8b465ee728b)
Start importing Packages/com.microsoft.mixedreality.toolkit.foundation/SDK/Features/UX/Interactable/Materials/HolographicBackPlateNoBorder.mat using Guid(40261cd01d861f241b945b4fb6609cff) Importer(815301076,1909f56bfc062723c751e8b465ee728b)  -> (artifact id: 'bf8b7edf5b1c2218807dee595b52bccd') in 0.058082 seconds
Number of updated asset objects reloaded before import = 0
Number of asset objects unloaded after import = 2
========================================================================
Received Import Request.
  Time since last request: 0.000022 seconds.
  path: Packages/com.microsoft.mixedreality.toolkit.foundation/SDK/Features/UX/Interactable/Materials/MRTK_GrabbableDots.mat
  artifactKey: Guid(1d3d3b8b33373be4ba8d3b1676d2b5ba) Importer(815301076,1909f56bfc062723c751e8b465ee728b)
Start importing Packages/com.microsoft.mixedreality.toolkit.foundation/SDK/Features/UX/Interactable/Materials/MRTK_GrabbableDots.mat using Guid(1d3d3b8b33373be4ba8d3b1676d2b5ba) Importer(815301076,1909f56bfc062723c751e8b465ee728b)  -> (artifact id: '677486dcf6c960506a42b6190422fb87') in 0.009577 seconds
Number of updated asset objects reloaded before import = 0
Number of asset objects unloaded after import = 2
========================================================================
Received Import Request.
  Time since last request: 0.000021 seconds.
  path: Packages/com.microsoft.mixedreality.toolkit.foundation/SDK/Features/UX/Interactable/Materials/HolographicButtonContent.mat
  artifactKey: Guid(1ad68daec9ac6374cb32214e55dc158e) Importer(815301076,1909f56bfc062723c751e8b465ee728b)
Start importing Packages/com.microsoft.mixedreality.toolkit.foundation/SDK/Features/UX/Interactable/Materials/HolographicButtonContent.mat using Guid(1ad68daec9ac6374cb32214e55dc158e) Importer(815301076,1909f56bfc062723c751e8b465ee728b)  -> (artifact id: 'b4a189bf87598f9721b6d87f31444055') in 0.061882 seconds
Number of updated asset objects reloaded before import = 0
Number of asset objects unloaded after import = 1
========================================================================
Received Import Request.
  Time since last request: 0.000026 seconds.
  path: Packages/com.microsoft.mixedreality.toolkit.foundation/SDK/Features/UX/Interactable/Materials/HolographicButtonIconMicrophone.mat
  artifactKey: Guid(23b680d6c13ccad4ba5004f1b6a22462) Importer(815301076,1909f56bfc062723c751e8b465ee728b)
Start importing Packages/com.microsoft.mixedreality.toolkit.foundation/SDK/Features/UX/Interactable/Materials/HolographicButtonIconMicrophone.mat using Guid(23b680d6c13ccad4ba5004f1b6a22462) Importer(815301076,1909f56bfc062723c751e8b465ee728b)  -> (artifact id: 'd1fbfc3aee100d396ee80d1d663a2659') in 0.011599 seconds
Number of updated asset objects reloaded before import = 0
Number of asset objects unloaded after import = 2
========================================================================
Received Import Request.
  Time since last request: 0.000017 seconds.
  path: Packages/com.microsoft.mixedreality.toolkit.foundation/SDK/Features/UX/Interactable/Materials/ButtonBackground.mat
  artifactKey: Guid(136544d5b4710a948b76a024a29c5b84) Importer(815301076,1909f56bfc062723c751e8b465ee728b)
Start importing Packages/com.microsoft.mixedreality.toolkit.foundation/SDK/Features/UX/Interactable/Materials/ButtonBackground.mat using Guid(136544d5b4710a948b76a024a29c5b84) Importer(815301076,1909f56bfc062723c751e8b465ee728b)  -> (artifact id: '25f6c5404ec697f9d68769d79cc86899') in 0.010353 seconds
Number of updated asset objects reloaded before import = 0
Number of asset objects unloaded after import = 1
========================================================================
Received Import Request.
  Time since last request: 0.000021 seconds.
  path: Packages/com.microsoft.mixedreality.toolkit.foundation/SDK/Features/UX/Interactable/Materials/HolographicButtonIconRadioOff.mat
  artifactKey: Guid(faf1d0b5c5c707547974f64e21432204) Importer(815301076,1909f56bfc062723c751e8b465ee728b)
Start importing Packages/com.microsoft.mixedreality.toolkit.foundation/SDK/Features/UX/Interactable/Materials/HolographicButtonIconRadioOff.mat using Guid(faf1d0b5c5c707547974f64e21432204) Importer(815301076,1909f56bfc062723c751e8b465ee728b)  -> (artifact id: 'fc32deead26a7a0db3f81b8e05d34eb2') in 0.041637 seconds
Number of updated asset objects reloaded before import = 0
Number of asset objects unloaded after import = 2
========================================================================
Received Import Request.
  Time since last request: 0.000019 seconds.
  path: Packages/com.microsoft.mixedreality.toolkit.foundation/SDK/Features/UX/Interactable/Materials/HolographicButtonContentCageProximityUnityUI.mat
  artifactKey: Guid(576d8c5677ec60c459961421ebe64e99) Importer(815301076,1909f56bfc062723c751e8b465ee728b)
Start importing Packages/com.microsoft.mixedreality.toolkit.foundation/SDK/Features/UX/Interactable/Materials/HolographicButtonContentCageProximityUnityUI.mat using Guid(576d8c5677ec60c459961421ebe64e99) Importer(815301076,1909f56bfc062723c751e8b465ee728b)  -> (artifact id: '5077b200496b30543d643fc06e1dcf3e') in 0.007748 seconds
Number of updated asset objects reloaded before import = 0
Number of asset objects unloaded after import = 1
========================================================================
Received Import Request.
  Time since last request: 13.476922 seconds.
  path: Packages/com.microsoft.mixedreality.toolkit.foundation/SDK/Features/UX/Materials/HandJoint.mat
  artifactKey: Guid(ebb63c2ee13723441a43c91c9dad413b) Importer(815301076,1909f56bfc062723c751e8b465ee728b)
Start importing Packages/com.microsoft.mixedreality.toolkit.foundation/SDK/Features/UX/Materials/HandJoint.mat using Guid(ebb63c2ee13723441a43c91c9dad413b) Importer(815301076,1909f56bfc062723c751e8b465ee728b)  -> (artifact id: '34a315cb4726384b763fc4d234fef4aa') in 0.024923 seconds
Number of updated asset objects reloaded before import = 0
Number of asset objects unloaded after import = 1
========================================================================
Received Prepare
Begin MonoManager ReloadAssembly
- Loaded All Assemblies, in  0.697 seconds
Refreshing native plugins compatible for Editor in 10.22 ms, found 8 plugins.
Native extension for UWP target not found
Native extension for WindowsStandalone target not found
Native extension for Android target not found
Native extension for WebGL target not found
[Package Manager] Server::EnsureServerProcessIsRunning -- launch failed, reason: Unity was launched with the -noUpm command-line argument
[Package Manager] UpmClient::Send -- Unable to send message (not connected to UPM process).
[Package Manager] Cannot connect to Unity Package Manager local server
[Package Manager] Server::EnsureServerProcessIsRunning -- launch failed, reason: Unity was launched with the -noUpm command-line argument
[Package Manager] UpmClient::Send -- Unable to send message (not connected to UPM process).
[Package Manager] Cannot connect to Unity Package Manager local server
Mono: successfully reloaded assembly
[Package Manager] Server::EnsureServerProcessIsRunning -- launch failed, reason: Unity was launched with the -noUpm command-line argument
[Package Manager] UpmClient::Send -- Unable to send message (not connected to UPM process).
[Package Manager] Cannot connect to Unity Package Manager local server
- Finished resetting the current domain, in  0.829 seconds
Domain Reload Profiling: 1522ms
	BeginReloadAssembly (454ms)
		ExecutionOrderSort (0ms)
		DisableScriptedObjects (3ms)
		BackupInstance (0ms)
		ReleaseScriptingObjects (0ms)
		CreateAndSetChildDomain (34ms)
	RebuildCommonClasses (29ms)
	RebuildNativeTypeToScriptingClass (9ms)
	initialDomainReloadingComplete (26ms)
	LoadAllAssembliesAndSetupDomain (175ms)
		LoadAssemblies (229ms)
		RebuildTransferFunctionScriptingTraits (0ms)
		AnalyzeDomain (13ms)
			TypeCache.Refresh (5ms)
				TypeCache.ScanAssembly (0ms)
			ScanForSourceGeneratedMonoScriptInfo (0ms)
			ResolveRequiredComponents (7ms)
	FinalizeReload (829ms)
		ReleaseScriptCaches (0ms)
		RebuildScriptCaches (0ms)
		SetupLoadedEditorAssemblies (436ms)
			LogAssemblyErrors (0ms)
			InitializePlatformSupportModulesInManaged (24ms)
			SetLoadedEditorAssemblies (3ms)
			RefreshPlugins (0ms)
			BeforeProcessingInitializeOnLoad (66ms)
			ProcessInitializeOnLoadAttributes (305ms)
			ProcessInitializeOnLoadMethodAttributes (31ms)
			AfterProcessingInitializeOnLoad (7ms)
			EditorAssembliesLoaded (0ms)
		ExecutionOrderSort2 (0ms)
		AwakeInstancesAfterBackupRestoration (5ms)
Refreshing native plugins compatible for Editor in 10.15 ms, found 8 plugins.
Preloading 0 native plugins for Editor in 0.00 ms.
Unloading 3372 Unused Serialized files (Serialized files now loaded: 0)
Unloading 58 unused Assets / (46.8 KB). Loaded Objects now: 3949.
Memory consumption went from 132.3 MB to 132.3 MB.
Total: 2.911200 ms (FindLiveObjects: 0.226100 ms CreateObjectMapping: 0.085400 ms MarkObjects: 2.529500 ms  DeleteObjects: 0.069100 ms)

Prepare: number of updated asset objects reloaded= 0
AssetImportParameters requested are different than current active one (requested -> active):
  custom:container-demuxer-ogg: 62fdf1f143b41e24485cea50d1cbac27 -> 
  custom:video-decoder-ogg-theora: a1e56fd34408186e4bbccfd4996cb3dc -> 
  custom:framework-win-MediaFoundation: 216162199b28c13a410421893ffa2e32 -> 
  custom:CustomObjectIndexerAttribute: 756ad292c208cfabdd7b50bc23989ffe -> 
  custom:container-demuxer-webm: 4f35f7cbe854078d1ac9338744f61a02 -> 
  custom:container-muxer-webm: aa71ff27fc2769a1b78a27578f13a17b -> 
  custom:video-decoder-webm-vp8: 9c59270c3fd7afecdb556c50c9e8de78 -> 
  custom:SearchIndexIgnoredProperties: e643bd26f0fe6173181afceb89e7c659 -> 
  custom:AudioImporter_EditorPlatform: d09bf68614088b80899f8185d706f6e7 -> 
  custom:video-encoder-webm-vp8: eb34c28f22e8b96e1ab97ce403110664 -> 
  custom:audio-decoder-ogg-vorbis: bf7c407c2cedff20999df2af8eb42d56 -> 
  custom:audio-encoder-webm-vorbis: bf7c407c2cedff20999df2af8eb42d56 -> 
========================================================================
Received Import Request.
  Time since last request: 80.579073 seconds.
  path: Packages/com.microsoft.mixedreality.toolkit.foundation/SDK/Features/UX/Materials/HandIndexTip.mat
  artifactKey: Guid(45b288c2aa5c87d41af05c57a5f49acb) Importer(815301076,1909f56bfc062723c751e8b465ee728b)
Start importing Packages/com.microsoft.mixedreality.toolkit.foundation/SDK/Features/UX/Materials/HandIndexTip.mat using Guid(45b288c2aa5c87d41af05c57a5f49acb) Importer(815301076,1909f56bfc062723c751e8b465ee728b)  -> (artifact id: 'a7420cc509b5db2df11613223db348fa') in 0.090148 seconds
Number of updated asset objects reloaded before import = 0
Number of asset objects unloaded after import = 1
========================================================================
Received Import Request.
  Time since last request: 0.548059 seconds.
  path: Packages/com.microsoft.mixedreality.toolkit.standardassets/Fonts/selawksb.ttf
  artifactKey: Guid(e869342c56e54acf989b2422b4b80dcc) Importer(815301076,1909f56bfc062723c751e8b465ee728b)
Start importing Packages/com.microsoft.mixedreality.toolkit.standardassets/Fonts/selawksb.ttf using Guid(e869342c56e54acf989b2422b4b80dcc) Importer(815301076,1909f56bfc062723c751e8b465ee728b)  -> (artifact id: '1f9d095cb03e7875d14eaec3bae47a4f') in 0.028402 seconds
Number of updated asset objects reloaded before import = 0
Number of asset objects unloaded after import = 4
========================================================================
Received Import Request.
  Time since last request: 0.071993 seconds.
  path: Packages/com.microsoft.mixedreality.toolkit.foundation/Services/DiagnosticsSystem/Materials/DiagnosticsInstancedColored.mat
  artifactKey: Guid(5b6fc83077d74fd4ca4c675623942a3e) Importer(815301076,1909f56bfc062723c751e8b465ee728b)
Start importing Packages/com.microsoft.mixedreality.toolkit.foundation/Services/DiagnosticsSystem/Materials/DiagnosticsInstancedColored.mat using Guid(5b6fc83077d74fd4ca4c675623942a3e) Importer(815301076,1909f56bfc062723c751e8b465ee728b)  -> (artifact id: '220ee20f1d2289b7bbfa2ca549e3a5df') in 0.017923 seconds
Number of updated asset objects reloaded before import = 0
Number of asset objects unloaded after import = 1
========================================================================
Received Import Request.
  Time since last request: 3.984807 seconds.
  path: Packages/com.microsoft.mixedreality.toolkit.foundation/SDK/Features/UX/Meshes/Cursors/TeleportCursor.fbx
  artifactKey: Guid(63df887775f744ff81b5498f43f24074) Importer(815301076,1909f56bfc062723c751e8b465ee728b)
Start importing Packages/com.microsoft.mixedreality.toolkit.foundation/SDK/Features/UX/Meshes/Cursors/TeleportCursor.fbx using Guid(63df887775f744ff81b5498f43f24074) Importer(815301076,1909f56bfc062723c751e8b465ee728b)  -> (artifact id: 'c41c75103ce0bd48e3f565a3550d71fd') in 0.075571 seconds
Number of updated asset objects reloaded before import = 0
Number of asset objects unloaded after import = 27
========================================================================
Received Import Request.
  Time since last request: 48.855305 seconds.
  path: Packages/com.microsoft.mixedreality.toolkit.foundation/SDK/Features/UX/Prefabs/RiggedHandVisualizer/L_Hand_MRTK_Rig.fbx
  artifactKey: Guid(95fdbeee899cda941a9083788b822772) Importer(815301076,1909f56bfc062723c751e8b465ee728b)
Start importing Packages/com.microsoft.mixedreality.toolkit.foundation/SDK/Features/UX/Prefabs/RiggedHandVisualizer/L_Hand_MRTK_Rig.fbx using Guid(95fdbeee899cda941a9083788b822772) Importer(815301076,1909f56bfc062723c751e8b465ee728b)  -> (artifact id: '8427d508bea77a7d6be1c4064a8cc5d8') in 0.047288 seconds
Number of updated asset objects reloaded before import = 0
Number of asset objects unloaded after import = 55
========================================================================
Received Import Request.
  Time since last request: 0.000019 seconds.
  path: Packages/com.microsoft.mixedreality.toolkit.foundation/SDK/Features/UX/Meshes/HolographicButton/CompoundButtonMeshes.fbx
  artifactKey: Guid(b566bbce04d66f4428421e81a3af0299) Importer(815301076,1909f56bfc062723c751e8b465ee728b)
Start importing Packages/com.microsoft.mixedreality.toolkit.foundation/SDK/Features/UX/Meshes/HolographicButton/CompoundButtonMeshes.fbx using Guid(b566bbce04d66f4428421e81a3af0299) Importer(815301076,1909f56bfc062723c751e8b465ee728b)  -> (artifact id: '0343981babb28e75533253a3a3b6f7a5') in 0.088214 seconds
Number of updated asset objects reloaded before import = 0
Number of asset objects unloaded after import = 64
========================================================================
Received Import Request.
  Time since last request: 0.000021 seconds.
  path: Packages/com.microsoft.mixedreality.toolkit.foundation/SDK/StandardAssets/Materials/MouseCursor.mat
  artifactKey: Guid(43227df6ef613c94b90ed7552efb9b49) Importer(815301076,1909f56bfc062723c751e8b465ee728b)
Start importing Packages/com.microsoft.mixedreality.toolkit.foundation/SDK/StandardAssets/Materials/MouseCursor.mat using Guid(43227df6ef613c94b90ed7552efb9b49) Importer(815301076,1909f56bfc062723c751e8b465ee728b)  -> (artifact id: '00a47082e9ed238602ef20b6c9784327') in 0.025292 seconds
Number of updated asset objects reloaded before import = 0
Number of asset objects unloaded after import = 2
========================================================================
Received Import Request.
  Time since last request: 0.000028 seconds.
  path: Packages/com.microsoft.mixedreality.toolkit.foundation/SDK/StandardAssets/Materials/MRTK_DefaultCursor.mat
  artifactKey: Guid(7a7df97255b549e9ad7529a9a5d4ff46) Importer(815301076,1909f56bfc062723c751e8b465ee728b)
Start importing Packages/com.microsoft.mixedreality.toolkit.foundation/SDK/StandardAssets/Materials/MRTK_DefaultCursor.mat using Guid(7a7df97255b549e9ad7529a9a5d4ff46) Importer(815301076,1909f56bfc062723c751e8b465ee728b)  -> (artifact id: 'b45679a0c3f9e241451d4fbde64c1d6a') in 0.015711 seconds
Number of updated asset objects reloaded before import = 0
Number of asset objects unloaded after import = 1
========================================================================
Received Import Request.
  Time since last request: 0.000018 seconds.
  path: Packages/com.microsoft.mixedreality.toolkit.standardassets/Materials/MRTK_Standard_GlowingCyan.mat
  artifactKey: Guid(27a6136d64696da4eba1b89b3df8d3df) Importer(815301076,1909f56bfc062723c751e8b465ee728b)
Start importing Packages/com.microsoft.mixedreality.toolkit.standardassets/Materials/MRTK_Standard_GlowingCyan.mat using Guid(27a6136d64696da4eba1b89b3df8d3df) Importer(815301076,1909f56bfc062723c751e8b465ee728b)  -> (artifact id: 'd0d0a9467260ff79eb79fb996c9237d0') in 0.089010 seconds
Number of updated asset objects reloaded before import = 0
Number of asset objects unloaded after import = 2
========================================================================
Received Import Request.
  Time since last request: 0.000018 seconds.
  path: Packages/com.microsoft.mixedreality.toolkit.standardassets/Materials/MRTK_Standard_Gray.mat
  artifactKey: Guid(835cb4a58f172d7478801db95e510f56) Importer(815301076,1909f56bfc062723c751e8b465ee728b)
Start importing Packages/com.microsoft.mixedreality.toolkit.standardassets/Materials/MRTK_Standard_Gray.mat using Guid(835cb4a58f172d7478801db95e510f56) Importer(815301076,1909f56bfc062723c751e8b465ee728b)  -> (artifact id: '12368907a36a034844f1194dee34d0aa') in 0.024553 seconds
Number of updated asset objects reloaded before import = 0
Number of asset objects unloaded after import = 1
========================================================================
Received Import Request.
  Time since last request: 0.000016 seconds.
  path: Packages/com.microsoft.mixedreality.toolkit.standardassets/Materials/MRTK_Standard_TransparentMagenta.mat
  artifactKey: Guid(6c0366ebfed014a40a2e6923663c7381) Importer(815301076,1909f56bfc062723c751e8b465ee728b)
Start importing Packages/com.microsoft.mixedreality.toolkit.standardassets/Materials/MRTK_Standard_TransparentMagenta.mat using Guid(6c0366ebfed014a40a2e6923663c7381) Importer(815301076,1909f56bfc062723c751e8b465ee728b)  -> (artifact id: 'b68722902cda721ce3ffc6df4412441d') in 0.045003 seconds
Number of updated asset objects reloaded before import = 0
Number of asset objects unloaded after import = 1
========================================================================
Received Import Request.
  Time since last request: 0.000022 seconds.
  path: Packages/com.microsoft.mixedreality.toolkit.standardassets/Materials/MRTK_Standard_UnlitWhite.mat
  artifactKey: Guid(8f2fb2809320347428c67ea7c78ef4c5) Importer(815301076,1909f56bfc062723c751e8b465ee728b)
Start importing Packages/com.microsoft.mixedreality.toolkit.standardassets/Materials/MRTK_Standard_UnlitWhite.mat using Guid(8f2fb2809320347428c67ea7c78ef4c5) Importer(815301076,1909f56bfc062723c751e8b465ee728b)  -> (artifact id: 'bd4e0555357cf12dcbd0a8178a8ad478') in 0.007016 seconds
Number of updated asset objects reloaded before import = 0
Number of asset objects unloaded after import = 1
========================================================================
Received Import Request.
  Time since last request: 0.000037 seconds.
  path: Packages/com.microsoft.mixedreality.toolkit.foundation/SDK/StandardAssets/Models/MRTK_BoundingBox_ScaleHandle.fbx
  artifactKey: Guid(6fcd4c9c53bfcb94b8c314ab6865ddd4) Importer(815301076,1909f56bfc062723c751e8b465ee728b)
Start importing Packages/com.microsoft.mixedreality.toolkit.foundation/SDK/StandardAssets/Models/MRTK_BoundingBox_ScaleHandle.fbx using Guid(6fcd4c9c53bfcb94b8c314ab6865ddd4) Importer(815301076,1909f56bfc062723c751e8b465ee728b)  -> (artifact id: '5f3d0f59cbb4be3ac7909ded06c34098') in 0.017321 seconds
Number of updated asset objects reloaded before import = 0
Number of asset objects unloaded after import = 8
========================================================================
Received Import Request.
  Time since last request: 0.000015 seconds.
  path: Packages/com.microsoft.mixedreality.toolkit.foundation/SDK/StandardAssets/Models/MRTK_BoundingBox_TranslateHandle.fbx
  artifactKey: Guid(332c8596f773d4c4db31915a9df86221) Importer(815301076,1909f56bfc062723c751e8b465ee728b)
Start importing Packages/com.microsoft.mixedreality.toolkit.foundation/SDK/StandardAssets/Models/MRTK_BoundingBox_TranslateHandle.fbx using Guid(332c8596f773d4c4db31915a9df86221) Importer(815301076,1909f56bfc062723c751e8b465ee728b)  -> (artifact id: '8edc5e802cffabc0854499498a553fcc') in 0.015447 seconds
Number of updated asset objects reloaded before import = 0
Number of asset objects unloaded after import = 8
========================================================================
Received Import Request.
  Time since last request: 0.000019 seconds.
  path: Packages/com.microsoft.mixedreality.toolkit.foundation/SDK/Features/UX/Materials/PanContent.mat
  artifactKey: Guid(a6066557d0b74ca4f8c1b9bc571e33e1) Importer(815301076,1909f56bfc062723c751e8b465ee728b)
Start importing Packages/com.microsoft.mixedreality.toolkit.foundation/SDK/Features/UX/Materials/PanContent.mat using Guid(a6066557d0b74ca4f8c1b9bc571e33e1) Importer(815301076,1909f56bfc062723c751e8b465ee728b)  -> (artifact id: '926a623a432c9a469b9cebe4df3855e8') in 0.023072 seconds
Number of updated asset objects reloaded before import = 0
Number of asset objects unloaded after import = 2
========================================================================
Received Import Request.
  Time since last request: 0.000024 seconds.
  path: Packages/com.microsoft.mixedreality.toolkit.foundation/SDK/Features/UX/Prefabs/RiggedHandVisualizer/RiggedHand.mat
  artifactKey: Guid(4c63e230f530e6c4e8be8b25846c0989) Importer(815301076,1909f56bfc062723c751e8b465ee728b)
Start importing Packages/com.microsoft.mixedreality.toolkit.foundation/SDK/Features/UX/Prefabs/RiggedHandVisualizer/RiggedHand.mat using Guid(4c63e230f530e6c4e8be8b25846c0989) Importer(815301076,1909f56bfc062723c751e8b465ee728b)  -> (artifact id: 'c507f2b4f1305f8e5d95296ea3a229d5') in 0.056659 seconds
Number of updated asset objects reloaded before import = 0
Number of asset objects unloaded after import = 1
========================================================================
Received Import Request.
  Time since last request: 0.000044 seconds.
  path: Packages/com.microsoft.mixedreality.toolkit.foundation/SDK/StandardAssets/Materials/MRTK_FingerTipCursor.mat
  artifactKey: Guid(aa5119690ae21f44cbf896a1ee51d015) Importer(815301076,1909f56bfc062723c751e8b465ee728b)
Start importing Packages/com.microsoft.mixedreality.toolkit.foundation/SDK/StandardAssets/Materials/MRTK_FingerTipCursor.mat using Guid(aa5119690ae21f44cbf896a1ee51d015) Importer(815301076,1909f56bfc062723c751e8b465ee728b)  -> (artifact id: '165e974e8eddc43cab2882e579615dd7') in 0.011646 seconds
Number of updated asset objects reloaded before import = 0
Number of asset objects unloaded after import = 1
========================================================================
Received Import Request.
  Time since last request: 0.000017 seconds.
  path: Packages/com.microsoft.mixedreality.toolkit.foundation/SDK/StandardAssets/Materials/MRTK_GrabPointerTetherLine.mat
  artifactKey: Guid(e74b90b0fec1bef4fa500cebdb12d821) Importer(815301076,1909f56bfc062723c751e8b465ee728b)
Start importing Packages/com.microsoft.mixedreality.toolkit.foundation/SDK/StandardAssets/Materials/MRTK_GrabPointerTetherLine.mat using Guid(e74b90b0fec1bef4fa500cebdb12d821) Importer(815301076,1909f56bfc062723c751e8b465ee728b)  -> (artifact id: 'ddfc526d9f07c68ab340c4eb52a96394') in 0.024743 seconds
Number of updated asset objects reloaded before import = 0
Number of asset objects unloaded after import = 2
========================================================================
Received Import Request.
  Time since last request: 0.000017 seconds.
  path: Packages/com.microsoft.mixedreality.toolkit.foundation/SDK/StandardAssets/Materials/MRTKLogo.mat
  artifactKey: Guid(65e7f8d2543587e45ad84ae8eac24bc6) Importer(815301076,1909f56bfc062723c751e8b465ee728b)
Start importing Packages/com.microsoft.mixedreality.toolkit.foundation/SDK/StandardAssets/Materials/MRTKLogo.mat using Guid(65e7f8d2543587e45ad84ae8eac24bc6) Importer(815301076,1909f56bfc062723c751e8b465ee728b)  -> (artifact id: '8dca561ae5b21099bde3f6068786122c') in 0.041111 seconds
Number of updated asset objects reloaded before import = 0
Number of asset objects unloaded after import = 2
========================================================================
Received Import Request.
  Time since last request: 0.000017 seconds.
  path: Packages/com.microsoft.mixedreality.toolkit.foundation/SDK/Features/UX/Meshes/Sliders/Button_Oval_Concave_12x24mm_optimized.fbx
  artifactKey: Guid(fa3a0f81e3a63bd4db13ad99b3858f49) Importer(815301076,1909f56bfc062723c751e8b465ee728b)
Start importing Packages/com.microsoft.mixedreality.toolkit.foundation/SDK/Features/UX/Meshes/Sliders/Button_Oval_Concave_12x24mm_optimized.fbx using Guid(fa3a0f81e3a63bd4db13ad99b3858f49) Importer(815301076,1909f56bfc062723c751e8b465ee728b)  -> (artifact id: 'ab403f21ff8ccd96af0c496f045e5070') in 0.018068 seconds
Number of updated asset objects reloaded before import = 0
Number of asset objects unloaded after import = 8
========================================================================
Received Import Request.
  Time since last request: 0.000018 seconds.
  path: Assets/TextMesh Pro/Resources/Fonts & Materials/LiberationSans SDF.asset
  artifactKey: Guid(8f586378b4e144a9851e7b34d9b748ee) Importer(815301076,1909f56bfc062723c751e8b465ee728b)
Start importing Assets/TextMesh Pro/Resources/Fonts & Materials/LiberationSans SDF.asset using Guid(8f586378b4e144a9851e7b34d9b748ee) Importer(815301076,1909f56bfc062723c751e8b465ee728b)  -> (artifact id: '74ed67ba8616d015773b0ac16e90c73d') in 0.042561 seconds
Number of updated asset objects reloaded before import = 0
Number of asset objects unloaded after import = 9
========================================================================
Received Import Request.
  Time since last request: 0.000016 seconds.
  path: Packages/com.microsoft.mixedreality.toolkit.standardassets/Materials/MRTK_Standard_TransparentLime.mat
  artifactKey: Guid(d8efdb3c98967354dad720c9f34297fb) Importer(815301076,1909f56bfc062723c751e8b465ee728b)
Start importing Packages/com.microsoft.mixedreality.toolkit.standardassets/Materials/MRTK_Standard_TransparentLime.mat using Guid(d8efdb3c98967354dad720c9f34297fb) Importer(815301076,1909f56bfc062723c751e8b465ee728b)  -> (artifact id: 'bfca34ff46ce33024d1e75ced8d4bb0b') in 0.010978 seconds
Number of updated asset objects reloaded before import = 0
Number of asset objects unloaded after import = 1
========================================================================
Received Import Request.
  Time since last request: 0.000019 seconds.
  path: Packages/com.microsoft.mixedreality.toolkit.standardassets/Materials/MRTK_Standard_Cyan.mat
  artifactKey: Guid(53ea63593b32415faf734536616f5fb3) Importer(815301076,1909f56bfc062723c751e8b465ee728b)
Start importing Packages/com.microsoft.mixedreality.toolkit.standardassets/Materials/MRTK_Standard_Cyan.mat using Guid(53ea63593b32415faf734536616f5fb3) Importer(815301076,1909f56bfc062723c751e8b465ee728b)  -> (artifact id: '21c98e2a3a6abefb3a5d691c271faed2') in 0.070615 seconds
Number of updated asset objects reloaded before import = 0
Number of asset objects unloaded after import = 1
========================================================================
Received Import Request.
  Time since last request: 0.000024 seconds.
  path: Packages/com.microsoft.mixedreality.toolkit.foundation/SDK/Features/UX/Materials/ProgressIndicatorRotatingObject.mat
  artifactKey: Guid(59d1a944c3539e948a06381c3e5d6b3d) Importer(815301076,1909f56bfc062723c751e8b465ee728b)
Start importing Packages/com.microsoft.mixedreality.toolkit.foundation/SDK/Features/UX/Materials/ProgressIndicatorRotatingObject.mat using Guid(59d1a944c3539e948a06381c3e5d6b3d) Importer(815301076,1909f56bfc062723c751e8b465ee728b)  -> (artifact id: '975b5b9b92a77453506a67f0c1fb4e87') in 0.045340 seconds
Number of updated asset objects reloaded before import = 0
Number of asset objects unloaded after import = 1
========================================================================
Received Import Request.
  Time since last request: 0.000017 seconds.
  path: Packages/com.microsoft.mixedreality.toolkit.standardassets/Materials/MRTK_Standard_TransparentRed.mat
  artifactKey: Guid(635a27f13b7b26b4483bc1283d04803e) Importer(815301076,1909f56bfc062723c751e8b465ee728b)
Start importing Packages/com.microsoft.mixedreality.toolkit.standardassets/Materials/MRTK_Standard_TransparentRed.mat using Guid(635a27f13b7b26b4483bc1283d04803e) Importer(815301076,1909f56bfc062723c751e8b465ee728b)  -> (artifact id: 'deff8a3f7ceb4da8ebf483103774d8de') in 0.010967 seconds
Number of updated asset objects reloaded before import = 0
Number of asset objects unloaded after import = 1
========================================================================
Received Import Request.
  Time since last request: 0.000017 seconds.
  path: Packages/com.microsoft.mixedreality.toolkit.standardassets/Materials/MRTK_Standard_Lime.mat
  artifactKey: Guid(00665e2a669d4b0fab1965843b4c914b) Importer(815301076,1909f56bfc062723c751e8b465ee728b)
Start importing Packages/com.microsoft.mixedreality.toolkit.standardassets/Materials/MRTK_Standard_Lime.mat using Guid(00665e2a669d4b0fab1965843b4c914b) Importer(815301076,1909f56bfc062723c751e8b465ee728b)  -> (artifact id: '8addff09c9e6a9affbc48384b4fe7cb3') in 0.011081 seconds
Number of updated asset objects reloaded before import = 0
Number of asset objects unloaded after import = 1
========================================================================
Received Import Request.
  Time since last request: 0.000014 seconds.
  path: Packages/com.microsoft.mixedreality.toolkit.standardassets/Materials/MRTK_Standard_TransparentYellow.mat
  artifactKey: Guid(6a92a01febd262544a43a7fe54b88013) Importer(815301076,1909f56bfc062723c751e8b465ee728b)
Start importing Packages/com.microsoft.mixedreality.toolkit.standardassets/Materials/MRTK_Standard_TransparentYellow.mat using Guid(6a92a01febd262544a43a7fe54b88013) Importer(815301076,1909f56bfc062723c751e8b465ee728b)  -> (artifact id: '0fe596ad7e24d939d9498e374913aff3') in 0.011030 seconds
Number of updated asset objects reloaded before import = 0
Number of asset objects unloaded after import = 1
========================================================================
Received Import Request.
  Time since last request: 0.000042 seconds.
  path: Packages/com.microsoft.mixedreality.toolkit.standardassets/Materials/MRTK_Standard_TransparentPurple.mat
  artifactKey: Guid(0d8c6bb9c868a9246abea5b9462b401f) Importer(815301076,1909f56bfc062723c751e8b465ee728b)
Start importing Packages/com.microsoft.mixedreality.toolkit.standardassets/Materials/MRTK_Standard_TransparentPurple.mat using Guid(0d8c6bb9c868a9246abea5b9462b401f) Importer(815301076,1909f56bfc062723c751e8b465ee728b)  -> (artifact id: 'c3b82c0dd8b5be6ec55a406029015e2f') in 0.009384 seconds
Number of updated asset objects reloaded before import = 0
Number of asset objects unloaded after import = 1
========================================================================
Received Import Request.
  Time since last request: 0.000016 seconds.
  path: Packages/com.microsoft.mixedreality.toolkit.standardassets/Materials/MRTK_Wireframe.mat
  artifactKey: Guid(47c3d3b0d8143e3489351498fceed55d) Importer(815301076,1909f56bfc062723c751e8b465ee728b)
Start importing Packages/com.microsoft.mixedreality.toolkit.standardassets/Materials/MRTK_Wireframe.mat using Guid(47c3d3b0d8143e3489351498fceed55d) Importer(815301076,1909f56bfc062723c751e8b465ee728b)  -> (artifact id: 'b996a170919db377e84eb587db7d0d55') in 0.020977 seconds
Number of updated asset objects reloaded before import = 0
Number of asset objects unloaded after import = 1
========================================================================
Received Import Request.
  Time since last request: 0.000015 seconds.
  path: Packages/com.microsoft.mixedreality.toolkit.foundation/SDK/Features/UX/Materials/ProgressIndicatorLoadingBarEmpty.mat
  artifactKey: Guid(49f2e3951c260b041bd8fcefbe639705) Importer(815301076,1909f56bfc062723c751e8b465ee728b)
Start importing Packages/com.microsoft.mixedreality.toolkit.foundation/SDK/Features/UX/Materials/ProgressIndicatorLoadingBarEmpty.mat using Guid(49f2e3951c260b041bd8fcefbe639705) Importer(815301076,1909f56bfc062723c751e8b465ee728b)  -> (artifact id: 'cf7ac7766a1df938e20b3c0700359683') in 0.005583 seconds
Number of updated asset objects reloaded before import = 0
Number of asset objects unloaded after import = 1
========================================================================
Received Import Request.
  Time since last request: 0.000013 seconds.
  path: Packages/com.microsoft.mixedreality.toolkit.standardassets/Materials/MRTK_Standard_TransparentPink.mat
  artifactKey: Guid(0e3f68a0b25245e4d9a3e2380c8ac1d6) Importer(815301076,1909f56bfc062723c751e8b465ee728b)
Start importing Packages/com.microsoft.mixedreality.toolkit.standardassets/Materials/MRTK_Standard_TransparentPink.mat using Guid(0e3f68a0b25245e4d9a3e2380c8ac1d6) Importer(815301076,1909f56bfc062723c751e8b465ee728b)  -> (artifact id: '3d52dc209af2b910d5eb541ed6e65441') in 0.010154 seconds
Number of updated asset objects reloaded before import = 0
Number of asset objects unloaded after import = 1
========================================================================
Received Import Request.
  Time since last request: 0.000016 seconds.
  path: Packages/com.microsoft.mixedreality.toolkit.standardassets/Materials/MRTK_Standard_TransparentOrange.mat
  artifactKey: Guid(4e7efd468ef796b4cbdefce6c9b071f9) Importer(815301076,1909f56bfc062723c751e8b465ee728b)
Start importing Packages/com.microsoft.mixedreality.toolkit.standardassets/Materials/MRTK_Standard_TransparentOrange.mat using Guid(4e7efd468ef796b4cbdefce6c9b071f9) Importer(815301076,1909f56bfc062723c751e8b465ee728b)  -> (artifact id: '1d92b027b2cbc1441518a119fa5d7d16') in 0.009988 seconds
Number of updated asset objects reloaded before import = 0
Number of asset objects unloaded after import = 1
========================================================================
Received Import Request.
  Time since last request: 0.000018 seconds.
  path: Packages/com.microsoft.mixedreality.toolkit.standardassets/Materials/MRTK_Standard_TransparentEmerald.mat
  artifactKey: Guid(ab6b5d4dc17c48bbab69426bced2d601) Importer(815301076,1909f56bfc062723c751e8b465ee728b)
Start importing Packages/com.microsoft.mixedreality.toolkit.standardassets/Materials/MRTK_Standard_TransparentEmerald.mat using Guid(ab6b5d4dc17c48bbab69426bced2d601) Importer(815301076,1909f56bfc062723c751e8b465ee728b)  -> (artifact id: '773d966059c1de5067ed49b287043ba5') in 0.009652 seconds
Number of updated asset objects reloaded before import = 0
Number of asset objects unloaded after import = 1
========================================================================
Received Import Request.
  Time since last request: 0.000015 seconds.
  path: Packages/com.microsoft.mixedreality.toolkit.foundation/SDK/Features/UX/Materials/PulseShader/MRTK_Pulse_ArticulatedHandMeshPurple.mat
  artifactKey: Guid(7bf2a7a504e67394d98ccd4e06fbc7a1) Importer(815301076,1909f56bfc062723c751e8b465ee728b)
Start importing Packages/com.microsoft.mixedreality.toolkit.foundation/SDK/Features/UX/Materials/PulseShader/MRTK_Pulse_ArticulatedHandMeshPurple.mat using Guid(7bf2a7a504e67394d98ccd4e06fbc7a1) Importer(815301076,1909f56bfc062723c751e8b465ee728b)  -> (artifact id: '7fad5773365e8e14496a5daea24ed67c') in 0.037636 seconds
Number of updated asset objects reloaded before import = 0
Number of asset objects unloaded after import = 1
========================================================================
Received Import Request.
  Time since last request: 0.000070 seconds.
  path: Packages/com.microsoft.mixedreality.toolkit.standardassets/FontsSDFTextures/DepthWriteOff/segoeuisl SDF_zwrite_off.asset
  artifactKey: Guid(d94d0d64ec3545b408d5621e7d27cf96) Importer(815301076,1909f56bfc062723c751e8b465ee728b)
Start importing Packages/com.microsoft.mixedreality.toolkit.standardassets/FontsSDFTextures/DepthWriteOff/segoeuisl SDF_zwrite_off.asset using Guid(d94d0d64ec3545b408d5621e7d27cf96) Importer(815301076,1909f56bfc062723c751e8b465ee728b)  -> (artifact id: 'e481ffc5d2d1bdcba1669ef9c0988684') in 0.017621 seconds
Number of updated asset objects reloaded before import = 0
Number of asset objects unloaded after import = 4
========================================================================
Received Import Request.
  Time since last request: 0.000019 seconds.
  path: Packages/com.microsoft.mixedreality.toolkit.standardassets/Materials/MRTK_Standard_TransparentBlue.mat
  artifactKey: Guid(0530d90ba2a117e4f95c7a6345e8bb14) Importer(815301076,1909f56bfc062723c751e8b465ee728b)
Start importing Packages/com.microsoft.mixedreality.toolkit.standardassets/Materials/MRTK_Standard_TransparentBlue.mat using Guid(0530d90ba2a117e4f95c7a6345e8bb14) Importer(815301076,1909f56bfc062723c751e8b465ee728b)  -> (artifact id: '70e027b1d4552e57a9bcfcd6464d330e') in 0.012569 seconds
Number of updated asset objects reloaded before import = 0
Number of asset objects unloaded after import = 1
========================================================================
Received Import Request.
  Time since last request: 0.000033 seconds.
  path: Packages/com.microsoft.mixedreality.toolkit.standardassets/FontsSDFTextures/DepthWriteOn/seguibl SDF.asset
  artifactKey: Guid(1e1a3bf70c1dc22478ff4fc9837e570e) Importer(815301076,1909f56bfc062723c751e8b465ee728b)
Start importing Packages/com.microsoft.mixedreality.toolkit.standardassets/FontsSDFTextures/DepthWriteOn/seguibl SDF.asset using Guid(1e1a3bf70c1dc22478ff4fc9837e570e) Importer(815301076,1909f56bfc062723c751e8b465ee728b)  -> (artifact id: '6b9471e52374bcab3386fa40f21d7816') in 0.018373 seconds
Number of updated asset objects reloaded before import = 0
Number of asset objects unloaded after import = 4
========================================================================
Received Import Request.
  Time since last request: 0.000017 seconds.
  path: Packages/com.microsoft.mixedreality.toolkit.standardassets/Materials/MRTK_Standard_TransparentLightGray.mat
  artifactKey: Guid(9921ca73d1b94b24aba7726b9df6db8c) Importer(815301076,1909f56bfc062723c751e8b465ee728b)
Start importing Packages/com.microsoft.mixedreality.toolkit.standardassets/Materials/MRTK_Standard_TransparentLightGray.mat using Guid(9921ca73d1b94b24aba7726b9df6db8c) Importer(815301076,1909f56bfc062723c751e8b465ee728b)  -> (artifact id: '3cbc3b63371eabcbe2b1dc2c0524faf5') in 0.010537 seconds
Number of updated asset objects reloaded before import = 0
Number of asset objects unloaded after import = 1
========================================================================
Received Import Request.
  Time since last request: 0.000019 seconds.
  path: Packages/com.microsoft.mixedreality.toolkit.foundation/SDK/Features/UX/Materials/HandCoach/Teaching_Hand2.mat
  artifactKey: Guid(ac6cdef968e49e84f9c34a9978afcdcd) Importer(815301076,1909f56bfc062723c751e8b465ee728b)
Start importing Packages/com.microsoft.mixedreality.toolkit.foundation/SDK/Features/UX/Materials/HandCoach/Teaching_Hand2.mat using Guid(ac6cdef968e49e84f9c34a9978afcdcd) Importer(815301076,1909f56bfc062723c751e8b465ee728b)  -> (artifact id: 'b43f10d2a6b2167330828e2757e38504') in 0.011043 seconds
Number of updated asset objects reloaded before import = 0
Number of asset objects unloaded after import = 1
========================================================================
Received Import Request.
  Time since last request: 0.000017 seconds.
  path: Packages/com.microsoft.mixedreality.toolkit.foundation/SDK/Features/UX/Materials/Teleport/TeleportArrow.mat
  artifactKey: Guid(333f66f665b79014ca2dd1e314e48b1a) Importer(815301076,1909f56bfc062723c751e8b465ee728b)
Start importing Packages/com.microsoft.mixedreality.toolkit.foundation/SDK/Features/UX/Materials/Teleport/TeleportArrow.mat using Guid(333f66f665b79014ca2dd1e314e48b1a) Importer(815301076,1909f56bfc062723c751e8b465ee728b)  -> (artifact id: 'e8aa1b41f0607f44ef0d805076bfc327') in 0.027352 seconds
Number of updated asset objects reloaded before import = 0
Number of asset objects unloaded after import = 1
========================================================================
Received Import Request.
  Time since last request: 0.000017 seconds.
  path: Packages/com.microsoft.mixedreality.toolkit.foundation/SDK/Features/UX/Materials/Teleport/TeleportBase.mat
  artifactKey: Guid(3cb2d87ea9463e642b8419db5ab1b7cb) Importer(815301076,1909f56bfc062723c751e8b465ee728b)
Start importing Packages/com.microsoft.mixedreality.toolkit.foundation/SDK/Features/UX/Materials/Teleport/TeleportBase.mat using Guid(3cb2d87ea9463e642b8419db5ab1b7cb) Importer(815301076,1909f56bfc062723c751e8b465ee728b)  -> (artifact id: 'dfec5f5650c198abd9ba1b0dd59fd806') in 0.016474 seconds
Number of updated asset objects reloaded before import = 0
Number of asset objects unloaded after import = 1
========================================================================
Received Import Request.
  Time since last request: 0.000018 seconds.
  path: Packages/com.microsoft.mixedreality.toolkit.standardassets/Materials/Text3DSelawikLight.mat
  artifactKey: Guid(07c12c0ec28e4b8c8f083045ea0765ef) Importer(815301076,1909f56bfc062723c751e8b465ee728b)
Start importing Packages/com.microsoft.mixedreality.toolkit.standardassets/Materials/Text3DSelawikLight.mat using Guid(07c12c0ec28e4b8c8f083045ea0765ef) Importer(815301076,1909f56bfc062723c751e8b465ee728b)  -> (artifact id: 'fe4724fe873a07dfd1484674a52813e4') in 0.028987 seconds
Number of updated asset objects reloaded before import = 0
Number of asset objects unloaded after import = 2
========================================================================
Received Import Request.
  Time since last request: 0.000020 seconds.
  path: Packages/com.microsoft.mixedreality.toolkit.foundation/SDK/StandardAssets/Materials/TooltipWithoutBorder.mat
  artifactKey: Guid(5d32de94858bee047bb11ab4714b6d9e) Importer(815301076,1909f56bfc062723c751e8b465ee728b)
Start importing Packages/com.microsoft.mixedreality.toolkit.foundation/SDK/StandardAssets/Materials/TooltipWithoutBorder.mat using Guid(5d32de94858bee047bb11ab4714b6d9e) Importer(815301076,1909f56bfc062723c751e8b465ee728b)  -> (artifact id: '1f28577ba5dc0bb39c555e682a002ac1') in 0.085436 seconds
Number of updated asset objects reloaded before import = 0
Number of asset objects unloaded after import = 1
========================================================================
Received Import Request.
  Time since last request: 0.000025 seconds.
  path: Packages/com.microsoft.mixedreality.toolkit.foundation/SDK/StandardAssets/Materials/TooltipWithBorder.mat
  artifactKey: Guid(bf8139ce01f74164bb3003ed8a498e41) Importer(815301076,1909f56bfc062723c751e8b465ee728b)
Start importing Packages/com.microsoft.mixedreality.toolkit.foundation/SDK/StandardAssets/Materials/TooltipWithBorder.mat using Guid(bf8139ce01f74164bb3003ed8a498e41) Importer(815301076,1909f56bfc062723c751e8b465ee728b)  -> (artifact id: 'fd5ce36b314c94711f741f1615371816') in 0.015320 seconds
Number of updated asset objects reloaded before import = 0
Number of asset objects unloaded after import = 1
========================================================================
Received Import Request.
  Time since last request: 0.000025 seconds.
  path: Packages/com.microsoft.mixedreality.toolkit.foundation/SDK/Features/UX/Materials/Teleport/TeleportMid.mat
  artifactKey: Guid(a893882fba7427a438873bc75ca242a3) Importer(815301076,1909f56bfc062723c751e8b465ee728b)
Start importing Packages/com.microsoft.mixedreality.toolkit.foundation/SDK/Features/UX/Materials/Teleport/TeleportMid.mat using Guid(a893882fba7427a438873bc75ca242a3) Importer(815301076,1909f56bfc062723c751e8b465ee728b)  -> (artifact id: 'cfaa213200b812c987ae0d5aca084a80') in 0.030559 seconds
Number of updated asset objects reloaded before import = 0
Number of asset objects unloaded after import = 1
========================================================================
Received Import Request.
  Time since last request: 0.000039 seconds.
  path: Packages/com.microsoft.mixedreality.toolkit.standardassets/Materials/MRTK_Standard_TransparentDarkGray.mat
  artifactKey: Guid(07ebc80273d64c84b923be3e5f484151) Importer(815301076,1909f56bfc062723c751e8b465ee728b)
Start importing Packages/com.microsoft.mixedreality.toolkit.standardassets/Materials/MRTK_Standard_TransparentDarkGray.mat using Guid(07ebc80273d64c84b923be3e5f484151) Importer(815301076,1909f56bfc062723c751e8b465ee728b)  -> (artifact id: 'bcea54d24b5b7612c38007114dead47e') in 0.104661 seconds
Number of updated asset objects reloaded before import = 0
Number of asset objects unloaded after import = 1
========================================================================
Received Import Request.
  Time since last request: 0.000019 seconds.
  path: Packages/com.microsoft.mixedreality.toolkit.foundation/SDK/StandardAssets/Materials/PanExampleContent.mat
  artifactKey: Guid(d2a40ec9be92da646a18523f98205d0a) Importer(815301076,1909f56bfc062723c751e8b465ee728b)
Start importing Packages/com.microsoft.mixedreality.toolkit.foundation/SDK/StandardAssets/Materials/PanExampleContent.mat using Guid(d2a40ec9be92da646a18523f98205d0a) Importer(815301076,1909f56bfc062723c751e8b465ee728b)  -> (artifact id: '324b88a2a676cbabd8aecba90f41c033') in 0.072157 seconds
Number of updated asset objects reloaded before import = 0
Number of asset objects unloaded after import = 2
========================================================================
Received Import Request.
  Time since last request: 0.000016 seconds.
  path: Packages/com.microsoft.mixedreality.toolkit.standardassets/Materials/MRTK_Standard_Blue.mat
  artifactKey: Guid(3c55769e893c4f4c8c51b7fa69bee2b9) Importer(815301076,1909f56bfc062723c751e8b465ee728b)
Start importing Packages/com.microsoft.mixedreality.toolkit.standardassets/Materials/MRTK_Standard_Blue.mat using Guid(3c55769e893c4f4c8c51b7fa69bee2b9) Importer(815301076,1909f56bfc062723c751e8b465ee728b)  -> (artifact id: 'cd030d94fcd0cc63ddd30be0a96aa13e') in 0.011078 seconds
Number of updated asset objects reloaded before import = 0
Number of asset objects unloaded after import = 1
========================================================================
Received Import Request.
  Time since last request: 0.000079 seconds.
  path: Packages/com.microsoft.mixedreality.toolkit.foundation/SDK/StandardAssets/Models/MRTK_BoundingBox_ScaleHandle_Slate.fbx
  artifactKey: Guid(a6473ac7ac982fb488db53a454bf0a3c) Importer(815301076,1909f56bfc062723c751e8b465ee728b)
Start importing Packages/com.microsoft.mixedreality.toolkit.foundation/SDK/StandardAssets/Models/MRTK_BoundingBox_ScaleHandle_Slate.fbx using Guid(a6473ac7ac982fb488db53a454bf0a3c) Importer(815301076,1909f56bfc062723c751e8b465ee728b)  -> (artifact id: '954b11454ae6149985d450e08f736e64') in 0.016921 seconds
Number of updated asset objects reloaded before import = 0
Number of asset objects unloaded after import = 8
========================================================================
Received Import Request.
  Time since last request: 0.000025 seconds.
  path: Packages/com.microsoft.mixedreality.toolkit.standardassets/Materials/Text3DSelawikSemibold.mat
  artifactKey: Guid(995259be68dc4fa98ed72600bc3cc149) Importer(815301076,1909f56bfc062723c751e8b465ee728b)
Start importing Packages/com.microsoft.mixedreality.toolkit.standardassets/Materials/Text3DSelawikSemibold.mat using Guid(995259be68dc4fa98ed72600bc3cc149) Importer(815301076,1909f56bfc062723c751e8b465ee728b)  -> (artifact id: '3a91d0bd2c8ec87869d5756511ccd0f6') in 0.006992 seconds
Number of updated asset objects reloaded before import = 0
Number of asset objects unloaded after import = 2
========================================================================
Received Import Request.
  Time since last request: 0.000023 seconds.
  path: Packages/com.microsoft.mixedreality.toolkit.standardassets/Materials/Text3DSelawikBold.mat
  artifactKey: Guid(114fd1489fbd406ab097068cd1fa8842) Importer(815301076,1909f56bfc062723c751e8b465ee728b)
Start importing Packages/com.microsoft.mixedreality.toolkit.standardassets/Materials/Text3DSelawikBold.mat using Guid(114fd1489fbd406ab097068cd1fa8842) Importer(815301076,1909f56bfc062723c751e8b465ee728b)  -> (artifact id: '54fa45af7960fabc58b5c34b57492c24') in 0.005966 seconds
Number of updated asset objects reloaded before import = 0
Number of asset objects unloaded after import = 2
========================================================================
Received Import Request.
  Time since last request: 0.000017 seconds.
  path: Packages/com.microsoft.mixedreality.toolkit.standardassets/Materials/MRTK_Standard_Emerald.mat
  artifactKey: Guid(b0fcdc3322e34d9ea83e8399bd9f4031) Importer(815301076,1909f56bfc062723c751e8b465ee728b)
Start importing Packages/com.microsoft.mixedreality.toolkit.standardassets/Materials/MRTK_Standard_Emerald.mat using Guid(b0fcdc3322e34d9ea83e8399bd9f4031) Importer(815301076,1909f56bfc062723c751e8b465ee728b)  -> (artifact id: '38b6690bfbcaf2447b1ff8a8924bf8eb') in 0.010558 seconds
Number of updated asset objects reloaded before import = 0
Number of asset objects unloaded after import = 1
========================================================================
Received Import Request.
  Time since last request: 0.000017 seconds.
  path: Packages/com.microsoft.mixedreality.toolkit.standardassets/Materials/MRTK_Standard_LightGray.mat
  artifactKey: Guid(d5334c45caee46be937b095a1e977dc6) Importer(815301076,1909f56bfc062723c751e8b465ee728b)
Start importing Packages/com.microsoft.mixedreality.toolkit.standardassets/Materials/MRTK_Standard_LightGray.mat using Guid(d5334c45caee46be937b095a1e977dc6) Importer(815301076,1909f56bfc062723c751e8b465ee728b)  -> (artifact id: '9a3bfc8749cf3e292cc78ce8afe84c5b') in 0.011306 seconds
Number of updated asset objects reloaded before import = 0
Number of asset objects unloaded after import = 1
========================================================================
Received Import Request.
  Time since last request: 0.000015 seconds.
  path: Packages/com.microsoft.mixedreality.toolkit.standardassets/Materials/MRTK_Standard_Orange.mat
  artifactKey: Guid(71d471797c0e430783230146721c3fcb) Importer(815301076,1909f56bfc062723c751e8b465ee728b)
Start importing Packages/com.microsoft.mixedreality.toolkit.standardassets/Materials/MRTK_Standard_Orange.mat using Guid(71d471797c0e430783230146721c3fcb) Importer(815301076,1909f56bfc062723c751e8b465ee728b)  -> (artifact id: 'd7f6a463431c24355556145a5dfd167d') in 0.010091 seconds
Number of updated asset objects reloaded before import = 0
Number of asset objects unloaded after import = 1
========================================================================
Received Import Request.
  Time since last request: 0.000027 seconds.
  path: Packages/com.microsoft.mixedreality.toolkit.foundation/SDK/Features/UX/Meshes/Sliders/thick_rounded12.fbx
  artifactKey: Guid(8881ed45b1c1d9c45b0f99ba2730ee66) Importer(815301076,1909f56bfc062723c751e8b465ee728b)
Start importing Packages/com.microsoft.mixedreality.toolkit.foundation/SDK/Features/UX/Meshes/Sliders/thick_rounded12.fbx using Guid(8881ed45b1c1d9c45b0f99ba2730ee66) Importer(815301076,1909f56bfc062723c751e8b465ee728b)  -> (artifact id: '0fdf81c64bd895c324f3506fe26e0d36') in 0.017807 seconds
Number of updated asset objects reloaded before import = 0
Number of asset objects unloaded after import = 8
========================================================================
Received Import Request.
  Time since last request: 0.000017 seconds.
  path: Packages/com.microsoft.mixedreality.toolkit.standardassets/FontsSDFTextures/DepthWriteOff/segoeui SDF_zwrite_off.asset
  artifactKey: Guid(32aad78585988cc43838b0d2bd36aff3) Importer(815301076,1909f56bfc062723c751e8b465ee728b)
Start importing Packages/com.microsoft.mixedreality.toolkit.standardassets/FontsSDFTextures/DepthWriteOff/segoeui SDF_zwrite_off.asset using Guid(32aad78585988cc43838b0d2bd36aff3) Importer(815301076,1909f56bfc062723c751e8b465ee728b)  -> (artifact id: 'd7e2e4ebe3cb3640bbc707069b70c5a4') in 0.016375 seconds
Number of updated asset objects reloaded before import = 0
Number of asset objects unloaded after import = 4
========================================================================
Received Import Request.
  Time since last request: 0.000052 seconds.
  path: Packages/com.microsoft.mixedreality.toolkit.foundation/SDK/StandardAssets/Models/MRTK_BoundingBox_RotateHandle.fbx
  artifactKey: Guid(57c53da2552a8114ab6d68e0cd31b1eb) Importer(815301076,1909f56bfc062723c751e8b465ee728b)
Start importing Packages/com.microsoft.mixedreality.toolkit.foundation/SDK/StandardAssets/Models/MRTK_BoundingBox_RotateHandle.fbx using Guid(57c53da2552a8114ab6d68e0cd31b1eb) Importer(815301076,1909f56bfc062723c751e8b465ee728b)  -> (artifact id: 'a8a12df635b7413904326845039445c7') in 0.027106 seconds
Number of updated asset objects reloaded before import = 0
Number of asset objects unloaded after import = 8
========================================================================
Received Import Request.
  Time since last request: 0.000039 seconds.
  path: Packages/com.microsoft.mixedreality.toolkit.foundation/SDK/StandardAssets/Materials/MRTK_DefaultPointerLine.mat
  artifactKey: Guid(11727442de02c1d4b8d37a063c748aec) Importer(815301076,1909f56bfc062723c751e8b465ee728b)
Start importing Packages/com.microsoft.mixedreality.toolkit.foundation/SDK/StandardAssets/Materials/MRTK_DefaultPointerLine.mat using Guid(11727442de02c1d4b8d37a063c748aec) Importer(815301076,1909f56bfc062723c751e8b465ee728b)  -> (artifact id: 'd6b95f34a987fbd38fc5fafa0f8d99f0') in 0.017478 seconds
Number of updated asset objects reloaded before import = 0
Number of asset objects unloaded after import = 1
========================================================================
Received Import Request.
  Time since last request: 0.008262 seconds.
  path: Packages/com.microsoft.mixedreality.toolkit.foundation/SDK/StandardAssets/Materials/MRTK_PressableInteractablesButtonBox.mat
  artifactKey: Guid(38a587e9218b3284485088c9925af61f) Importer(815301076,1909f56bfc062723c751e8b465ee728b)
Start importing Packages/com.microsoft.mixedreality.toolkit.foundation/SDK/StandardAssets/Materials/MRTK_PressableInteractablesButtonBox.mat using Guid(38a587e9218b3284485088c9925af61f) Importer(815301076,1909f56bfc062723c751e8b465ee728b)  -> (artifact id: 'cf423ffffee345f8eee4b4bed83dfe07') in 0.006663 seconds
Number of updated asset objects reloaded before import = 0
Number of asset objects unloaded after import = 1
========================================================================
Received Import Request.
  Time since last request: 0.000017 seconds.
  path: Packages/com.microsoft.mixedreality.toolkit.standardassets/Materials/MRTK_Standard_DarkBrown.mat
  artifactKey: Guid(a7448698c15706f48905e44d8e76f2b5) Importer(815301076,1909f56bfc062723c751e8b465ee728b)
Start importing Packages/com.microsoft.mixedreality.toolkit.standardassets/Materials/MRTK_Standard_DarkBrown.mat using Guid(a7448698c15706f48905e44d8e76f2b5) Importer(815301076,1909f56bfc062723c751e8b465ee728b)  -> (artifact id: '3d84573b5bf35b4ac779cf9328ad5b19') in 0.011656 seconds
Number of updated asset objects reloaded before import = 0
Number of asset objects unloaded after import = 1
========================================================================
Received Import Request.
  Time since last request: 0.000018 seconds.
  path: Packages/com.microsoft.mixedreality.toolkit.foundation/SDK/Features/UX/Materials/PulseShader/MRTK_Pulse_SpatialMeshBlue.mat
  artifactKey: Guid(b24e702ba4a7dd14bb78e04ea42311ff) Importer(815301076,1909f56bfc062723c751e8b465ee728b)
Start importing Packages/com.microsoft.mixedreality.toolkit.foundation/SDK/Features/UX/Materials/PulseShader/MRTK_Pulse_SpatialMeshBlue.mat using Guid(b24e702ba4a7dd14bb78e04ea42311ff) Importer(815301076,1909f56bfc062723c751e8b465ee728b)  -> (artifact id: 'b11b148bc3333b989dde91432c576ac2') in 0.070421 seconds
Number of updated asset objects reloaded before import = 0
Number of asset objects unloaded after import = 2
========================================================================
Received Import Request.
  Time since last request: 0.000031 seconds.
  path: Packages/com.microsoft.mixedreality.toolkit.foundation/SDK/StandardAssets/Controllers/Visuals/Models/oculus-touch-v2/left.glb
  artifactKey: Guid(74edea6182fcf8f429df8bf342095dbb) Importer(815301076,1909f56bfc062723c751e8b465ee728b)
Start importing Packages/com.microsoft.mixedreality.toolkit.foundation/SDK/StandardAssets/Controllers/Visuals/Models/oculus-touch-v2/left.glb using Guid(74edea6182fcf8f429df8bf342095dbb) Importer(815301076,1909f56bfc062723c751e8b465ee728b)  -> (artifact id: 'ec12b9c3a39441972f9fb4ede573b488') in 0.094274 seconds
Number of updated asset objects reloaded before import = 0
Number of asset objects unloaded after import = 88
========================================================================
Received Import Request.
  Time since last request: 0.000023 seconds.
  path: Packages/com.microsoft.mixedreality.toolkit.foundation/SDK/StandardAssets/Materials/MRTK_GrabPointerGrabPoint.mat
  artifactKey: Guid(fc1d56dcfc4950949a5b56a1399a1822) Importer(815301076,1909f56bfc062723c751e8b465ee728b)
Start importing Packages/com.microsoft.mixedreality.toolkit.foundation/SDK/StandardAssets/Materials/MRTK_GrabPointerGrabPoint.mat using Guid(fc1d56dcfc4950949a5b56a1399a1822) Importer(815301076,1909f56bfc062723c751e8b465ee728b)  -> (artifact id: 'f035c149791dfd1b067b69f32a89414a') in 0.011554 seconds
Number of updated asset objects reloaded before import = 0
Number of asset objects unloaded after import = 1
========================================================================
Received Import Request.
  Time since last request: 0.000017 seconds.
  path: Packages/com.microsoft.mixedreality.toolkit.foundation/SDK/StandardAssets/Materials/MRTK_DefaultPointerLineNoTarget.mat
  artifactKey: Guid(876c7e981edab3a44918b5c51482a286) Importer(815301076,1909f56bfc062723c751e8b465ee728b)
Start importing Packages/com.microsoft.mixedreality.toolkit.foundation/SDK/StandardAssets/Materials/MRTK_DefaultPointerLineNoTarget.mat using Guid(876c7e981edab3a44918b5c51482a286) Importer(815301076,1909f56bfc062723c751e8b465ee728b)  -> (artifact id: 'f82a829a45de3d4a45c6c4b985be20b3') in 0.011153 seconds
Number of updated asset objects reloaded before import = 0
Number of asset objects unloaded after import = 2
========================================================================
Received Import Request.
  Time since last request: 0.000019 seconds.
  path: Packages/com.microsoft.mixedreality.toolkit.standardassets/Materials/MRTK_Standard_Pink.mat
  artifactKey: Guid(67e4ae112f094f3082e033060c3cd298) Importer(815301076,1909f56bfc062723c751e8b465ee728b)
Start importing Packages/com.microsoft.mixedreality.toolkit.standardassets/Materials/MRTK_Standard_Pink.mat using Guid(67e4ae112f094f3082e033060c3cd298) Importer(815301076,1909f56bfc062723c751e8b465ee728b)  -> (artifact id: '087dae696a0c53f7381a0afaefceaf74') in 0.011121 seconds
Number of updated asset objects reloaded before import = 0
Number of asset objects unloaded after import = 1
========================================================================
Received Import Request.
  Time since last request: 0.000016 seconds.
  path: Packages/com.microsoft.mixedreality.toolkit.standardassets/Materials/MRTK_WireframeBlue.mat
  artifactKey: Guid(a923a5d1aebc7fe449b4ab3289da537b) Importer(815301076,1909f56bfc062723c751e8b465ee728b)
Start importing Packages/com.microsoft.mixedreality.toolkit.standardassets/Materials/MRTK_WireframeBlue.mat using Guid(a923a5d1aebc7fe449b4ab3289da537b) Importer(815301076,1909f56bfc062723c751e8b465ee728b)  -> (artifact id: '4f910b5dcdb3a17039424de7b984c716') in 0.010541 seconds
Number of updated asset objects reloaded before import = 0
Number of asset objects unloaded after import = 1
========================================================================
Received Import Request.
  Time since last request: 0.000017 seconds.
  path: Packages/com.microsoft.mixedreality.toolkit.standardassets/Materials/MRTK_Standard_Charcoal.mat
  artifactKey: Guid(a5e028070ace428d8971079be1d965a6) Importer(815301076,1909f56bfc062723c751e8b465ee728b)
Start importing Packages/com.microsoft.mixedreality.toolkit.standardassets/Materials/MRTK_Standard_Charcoal.mat using Guid(a5e028070ace428d8971079be1d965a6) Importer(815301076,1909f56bfc062723c751e8b465ee728b)  -> (artifact id: 'ad7ba2b66f9460e897e7fda49e020b89') in 0.006091 seconds
Number of updated asset objects reloaded before import = 0
Number of asset objects unloaded after import = 1
========================================================================
Received Import Request.
  Time since last request: 0.000017 seconds.
  path: Packages/com.microsoft.mixedreality.toolkit.foundation/SDK/StandardAssets/Materials/MRTK_ArticulatedHandMesh.mat
  artifactKey: Guid(45082b98567b3d44ca3bdbe39f46041a) Importer(815301076,1909f56bfc062723c751e8b465ee728b)
Start importing Packages/com.microsoft.mixedreality.toolkit.foundation/SDK/StandardAssets/Materials/MRTK_ArticulatedHandMesh.mat using Guid(45082b98567b3d44ca3bdbe39f46041a) Importer(815301076,1909f56bfc062723c751e8b465ee728b)  -> (artifact id: 'dc77060200ffce2c3147751eb614d8a9') in 0.011205 seconds
Number of updated asset objects reloaded before import = 0
Number of asset objects unloaded after import = 1
========================================================================
Received Import Request.
  Time since last request: 0.000044 seconds.
  path: Packages/com.microsoft.mixedreality.toolkit.foundation/SDK/Experimental/MixedRealityKeyboardPreview/Materials/MixedRealityKeyboardPreviewBackPlate.mat
  artifactKey: Guid(d168438bf6820144983a2ab07904ac24) Importer(815301076,1909f56bfc062723c751e8b465ee728b)
Start importing Packages/com.microsoft.mixedreality.toolkit.foundation/SDK/Experimental/MixedRealityKeyboardPreview/Materials/MixedRealityKeyboardPreviewBackPlate.mat using Guid(d168438bf6820144983a2ab07904ac24) Importer(815301076,1909f56bfc062723c751e8b465ee728b)  -> (artifact id: '8442d08474608d6922aa699d7235a149') in 0.056100 seconds
Number of updated asset objects reloaded before import = 0
Number of asset objects unloaded after import = 1
========================================================================
Received Import Request.
  Time since last request: 10.968049 seconds.
  path: Packages/com.microsoft.mixedreality.toolkit.foundation/SDK/Features/UX/Materials/BoundingBoxGrabbed.mat
  artifactKey: Guid(7e4095c5609075846b657c8917aae797) Importer(815301076,1909f56bfc062723c751e8b465ee728b)
Start importing Packages/com.microsoft.mixedreality.toolkit.foundation/SDK/Features/UX/Materials/BoundingBoxGrabbed.mat using Guid(7e4095c5609075846b657c8917aae797) Importer(815301076,1909f56bfc062723c751e8b465ee728b)  -> (artifact id: '055e217d91805612b219d68d70146ce4') in 0.065497 seconds
Number of updated asset objects reloaded before import = 0
Number of asset objects unloaded after import = 1
========================================================================
Received Import Request.
  Time since last request: 0.000016 seconds.
  path: Packages/com.microsoft.mixedreality.toolkit.foundation/SDK/Features/UX/Materials/BoundingBoxSlate.mat
  artifactKey: Guid(6f044b5d95469d64ea8feb1225b1d5fa) Importer(815301076,1909f56bfc062723c751e8b465ee728b)
Start importing Packages/com.microsoft.mixedreality.toolkit.foundation/SDK/Features/UX/Materials/BoundingBoxSlate.mat using Guid(6f044b5d95469d64ea8feb1225b1d5fa) Importer(815301076,1909f56bfc062723c751e8b465ee728b)  -> (artifact id: '2870cca8c0fda8a45a144890dca52b0f') in 0.008667 seconds
Number of updated asset objects reloaded before import = 0
Number of asset objects unloaded after import = 1
========================================================================
Received Import Request.
  Time since last request: 0.000018 seconds.
  path: Packages/com.microsoft.mixedreality.toolkit.foundation/SDK/StandardAssets/Models/Materials/Cheese2.mat
  artifactKey: Guid(2e7ee0c64b3021a46be96a51517a1d94) Importer(815301076,1909f56bfc062723c751e8b465ee728b)
Start importing Packages/com.microsoft.mixedreality.toolkit.foundation/SDK/StandardAssets/Models/Materials/Cheese2.mat using Guid(2e7ee0c64b3021a46be96a51517a1d94) Importer(815301076,1909f56bfc062723c751e8b465ee728b)  -> (artifact id: '9176946b1f4fe98cab1046546537cfa5') in 0.066617 seconds
Number of updated asset objects reloaded before import = 0
Number of asset objects unloaded after import = 1
========================================================================
Received Import Request.
  Time since last request: 0.000111 seconds.
  path: Packages/com.microsoft.mixedreality.toolkit.foundation/SDK/Features/UX/Materials/BoundingBoxSlateGrabbed.mat
  artifactKey: Guid(f671b04930fdad54c8b50a4c6d7d9b02) Importer(815301076,1909f56bfc062723c751e8b465ee728b)
Start importing Packages/com.microsoft.mixedreality.toolkit.foundation/SDK/Features/UX/Materials/BoundingBoxSlateGrabbed.mat using Guid(f671b04930fdad54c8b50a4c6d7d9b02) Importer(815301076,1909f56bfc062723c751e8b465ee728b)  -> (artifact id: '9c1dc2fbae1c6e49a6d93f906eaff4b0') in 0.023939 seconds
Number of updated asset objects reloaded before import = 0
Number of asset objects unloaded after import = 1
Editor requested this worker to shutdown with reason: Scaling down because of idle timeout
TcpMessagingSession - receive error: operation aborted. errorcode: 995, details: The I/O operation has been aborted because of either a thread exit or an application request.
AssetImportWorker is now disconnected from the server
Process exiting
Exiting without the bug reporter. Application will terminate with return code 0